{
  "stats": {
    "suites": 1,
    "tests": 2,
    "passes": 0,
    "pending": 0,
    "failures": 2,
    "start": "2021-01-06T22:02:12.780Z",
    "end": "2021-01-06T22:02:28.250Z",
    "duration": 15470,
    "testsRegistered": 2,
    "passPercent": 0,
    "pendingPercent": 0,
    "other": 0,
    "hasOther": false,
    "skipped": 0,
    "hasSkipped": false
  },
  "results": [
    {
      "uuid": "06e4462b-0acc-438b-a88a-284af99dda0a",
      "title": "",
      "fullFile": "cypress/integration/developerMode.spec.js",
      "file": "cypress/integration/developerMode.spec.js",
      "beforeHooks": [],
      "afterHooks": [],
      "tests": [],
      "suites": [
        {
          "uuid": "89f16cf4-22e1-42e0-b669-52c2ac8aa97d",
          "title": "Verifica os multi-ambientes e modo de desenvolvimento",
          "fullFile": "",
          "file": "",
          "beforeHooks": [],
          "afterHooks": [],
          "tests": [
            {
              "title": "Será validado que a tag de desenvolvimento foi encontrada no frontend de desenvolvimento",
              "fullTitle": "Verifica os multi-ambientes e modo de desenvolvimento Será validado que a tag de desenvolvimento foi encontrada no frontend de desenvolvimento",
              "timedOut": null,
              "duration": 12656,
              "state": "failed",
              "speed": null,
              "pass": false,
              "fail": true,
              "pending": false,
              "context": null,
              "code": "cy.visit(FRONT_URL);\ncy.contains(\"Em desenvolvimento\").should(\"exist\");",
              "err": {
                "message": "AssertionError: Timed out retrying: Expected to find content: 'Em desenvolvimento' but never did.",
                "estack": "AssertionError: Timed out retrying: Expected to find content: 'Em desenvolvimento' but never did.\n    at Context.eval (https://alvescesar-ft.herokuapp.com/__cypress/tests?p=cypress/integration/developerMode.spec.js:105:39)",
                "diff": null
              },
              "uuid": "7242317c-60c2-40d7-b504-b183edd58ddb",
              "parentUUID": "89f16cf4-22e1-42e0-b669-52c2ac8aa97d",
              "isHook": false,
              "skipped": false
            },
            {
              "title": "Será validado que a tag de desenvolvimento não existe no frontend de produção",
              "fullTitle": "Verifica os multi-ambientes e modo de desenvolvimento Será validado que a tag de desenvolvimento não existe no frontend de produção",
              "timedOut": null,
              "duration": 956,
              "state": "failed",
              "speed": null,
              "pass": false,
              "fail": true,
              "pending": false,
              "context": null,
              "code": "cy.visit(FRONT_URL_PROD);\ncy.contains(\"Em desenvolvimento\").should(\"not.exist\");",
              "err": {
                "message": "CypressError: `cy.visit()` failed trying to load:\n\nhttps://alvescesar-pd.herokuapp.com/.\n\nThe response we received from your web server was:\n\n  > 404: Not Found\n\nThis was considered a failure because the status code was not `2xx`.\n\nIf you do not want status codes to cause failures pass the option: `failOnStatusCode: false`",
                "estack": "CypressError: `cy.visit()` failed trying to load:\n\nhttps://alvescesar-pd.herokuapp.com/.\n\nThe response we received from your web server was:\n\n  > 404: Not Found\n\nThis was considered a failure because the status code was not `2xx`.\n\nIf you do not want status codes to cause failures pass the option: `failOnStatusCode: false`\n    at https://alvescesar-ft.herokuapp.com/__cypress/runner/cypress_runner.js:158062:25\n    at visitFailedByErr (https://alvescesar-ft.herokuapp.com/__cypress/runner/cypress_runner.js:157432:12)\n    at https://alvescesar-ft.herokuapp.com/__cypress/runner/cypress_runner.js:158042:13\n    at tryCatcher (https://alvescesar-ft.herokuapp.com/__cypress/runner/cypress_runner.js:10325:23)\n    at Promise._settlePromiseFromHandler (https://alvescesar-ft.herokuapp.com/__cypress/runner/cypress_runner.js:8260:31)\n    at Promise._settlePromise (https://alvescesar-ft.herokuapp.com/__cypress/runner/cypress_runner.js:8317:18)\n    at Promise._settlePromise0 (https://alvescesar-ft.herokuapp.com/__cypress/runner/cypress_runner.js:8362:10)\n    at Promise._settlePromises (https://alvescesar-ft.herokuapp.com/__cypress/runner/cypress_runner.js:8438:18)\n    at _drainQueueStep (https://alvescesar-ft.herokuapp.com/__cypress/runner/cypress_runner.js:5032:12)\n    at _drainQueue (https://alvescesar-ft.herokuapp.com/__cypress/runner/cypress_runner.js:5025:9)\n    at Async.../../node_modules/bluebird/js/release/async.js.Async._drainQueues (https://alvescesar-ft.herokuapp.com/__cypress/runner/cypress_runner.js:5041:5)\n    at Async.drainQueues (https://alvescesar-ft.herokuapp.com/__cypress/runner/cypress_runner.js:4911:14)\nFrom Your Spec Code:\n    at Context.eval (https://alvescesar-ft.herokuapp.com/__cypress/tests?p=cypress/integration/developerMode.spec.js:108:8)",
                "diff": null
              },
              "uuid": "a2dfa8da-41ca-4cb1-8ee5-b860c0eb4837",
              "parentUUID": "89f16cf4-22e1-42e0-b669-52c2ac8aa97d",
              "isHook": false,
              "skipped": false
            }
          ],
          "suites": [],
          "passes": [],
          "failures": [
            "7242317c-60c2-40d7-b504-b183edd58ddb",
            "a2dfa8da-41ca-4cb1-8ee5-b860c0eb4837"
          ],
          "pending": [],
          "skipped": [],
          "duration": 13612,
          "root": false,
          "rootEmpty": false,
          "_timeout": 2000
        }
      ],
      "passes": [],
      "failures": [],
      "pending": [],
      "skipped": [],
      "duration": 0,
      "root": true,
      "rootEmpty": true,
      "_timeout": 2000
    }
  ],
  "meta": {
    "mocha": {
      "version": "7.0.1"
    },
    "mochawesome": {
      "options": {
        "quiet": false,
        "reportFilename": "mochawesome",
        "saveHtml": false,
        "saveJson": true,
        "consoleReporter": "spec",
        "useInlineDiffs": false
      },
      "version": "4.1.0"
    },
    "marge": {
      "options": {
        "id": "default",
        "reportDir": "cypress/reports",
        "overwrite": false,
        "html": false,
        "json": true
      },
      "version": "4.1.0"
    }
  }
}