{
  "stats": {
    "suites": 1,
    "tests": 2,
    "passes": 0,
    "pending": 0,
    "failures": 2,
    "start": "2020-12-10T11:49:33.583Z",
    "end": "2020-12-10T11:49:40.041Z",
    "duration": 6458,
    "testsRegistered": 2,
    "passPercent": 0,
    "pendingPercent": 0,
    "other": 0,
    "hasOther": false,
    "skipped": 0,
    "hasSkipped": false
  },
  "results": [
    {
      "uuid": "d50218e3-aaba-4880-aaf2-7d35a47445d4",
      "title": "",
      "fullFile": "cypress/integration/developerMode.spec.js",
      "file": "cypress/integration/developerMode.spec.js",
      "beforeHooks": [],
      "afterHooks": [],
      "tests": [],
      "suites": [
        {
          "uuid": "ea68702d-7d2c-43f4-9791-080ddbdab18f",
          "title": "Verifica os multi-ambientes e modo de desenvolvimento",
          "fullFile": "",
          "file": "",
          "beforeHooks": [],
          "afterHooks": [],
          "tests": [
            {
              "title": "Será validado que a tag de desenvolvimento foi encontrada no frontend de desenvolvimento",
              "fullTitle": "Verifica os multi-ambientes e modo de desenvolvimento Será validado que a tag de desenvolvimento foi encontrada no frontend de desenvolvimento",
              "timedOut": null,
              "duration": 1120,
              "state": "failed",
              "speed": null,
              "pass": false,
              "fail": true,
              "pending": false,
              "context": null,
              "code": "cy.visit(FRONT_URL);\ncy.contains(\"Em desenvolvimento\").should(\"exist\");",
              "err": {
                "message": "CypressError: `cy.visit()` failed trying to load:\n\nhttps://undefined-ft.herokuapp.com/.\n\nThe response we received from your web server was:\n\n  > 404: Not Found\n\nThis was considered a failure because the status code was not `2xx`.\n\nIf you do not want status codes to cause failures pass the option: `failOnStatusCode: false`",
                "estack": "CypressError: `cy.visit()` failed trying to load:\n\nhttps://undefined-ft.herokuapp.com/.\n\nThe response we received from your web server was:\n\n  > 404: Not Found\n\nThis was considered a failure because the status code was not `2xx`.\n\nIf you do not want status codes to cause failures pass the option: `failOnStatusCode: false`\n    at http://localhost:46679/__cypress/runner/cypress_runner.js:158062:25\n    at visitFailedByErr (http://localhost:46679/__cypress/runner/cypress_runner.js:157432:12)\n    at http://localhost:46679/__cypress/runner/cypress_runner.js:158042:13\n    at tryCatcher (http://localhost:46679/__cypress/runner/cypress_runner.js:10325:23)\n    at Promise._settlePromiseFromHandler (http://localhost:46679/__cypress/runner/cypress_runner.js:8260:31)\n    at Promise._settlePromise (http://localhost:46679/__cypress/runner/cypress_runner.js:8317:18)\n    at Promise._settlePromise0 (http://localhost:46679/__cypress/runner/cypress_runner.js:8362:10)\n    at Promise._settlePromises (http://localhost:46679/__cypress/runner/cypress_runner.js:8438:18)\n    at _drainQueueStep (http://localhost:46679/__cypress/runner/cypress_runner.js:5032:12)\n    at _drainQueue (http://localhost:46679/__cypress/runner/cypress_runner.js:5025:9)\n    at Async.../../node_modules/bluebird/js/release/async.js.Async._drainQueues (http://localhost:46679/__cypress/runner/cypress_runner.js:5041:5)\n    at Async.drainQueues (http://localhost:46679/__cypress/runner/cypress_runner.js:4911:14)\nFrom Your Spec Code:\n    at Context.eval (http://localhost:46679/__cypress/tests?p=cypress/integration/developerMode.spec.js:104:8)",
                "diff": null
              },
              "uuid": "78921259-4b24-4660-984d-b8ede096068d",
              "parentUUID": "ea68702d-7d2c-43f4-9791-080ddbdab18f",
              "isHook": false,
              "skipped": false
            },
            {
              "title": "Será validado que a tag de desenvolvimento não existe no frontend de produção",
              "fullTitle": "Verifica os multi-ambientes e modo de desenvolvimento Será validado que a tag de desenvolvimento não existe no frontend de produção",
              "timedOut": null,
              "duration": 5174,
              "state": "failed",
              "speed": null,
              "pass": false,
              "fail": true,
              "pending": false,
              "context": null,
              "code": "cy.visit(FRONT_URL_PROD);\ncy.contains(\"Em desenvolvimento\").should(\"not.exist\");",
              "err": {
                "message": "CypressError: `cy.visit()` failed trying to load:\n\nhttps://undefined-pd.herokuapp.com/.\n\nThe response we received from your web server was:\n\n  > 404: Not Found\n\nThis was considered a failure because the status code was not `2xx`.\n\nIf you do not want status codes to cause failures pass the option: `failOnStatusCode: false`",
                "estack": "CypressError: `cy.visit()` failed trying to load:\n\nhttps://undefined-pd.herokuapp.com/.\n\nThe response we received from your web server was:\n\n  > 404: Not Found\n\nThis was considered a failure because the status code was not `2xx`.\n\nIf you do not want status codes to cause failures pass the option: `failOnStatusCode: false`\n    at http://localhost:46679/__cypress/runner/cypress_runner.js:158062:25\n    at visitFailedByErr (http://localhost:46679/__cypress/runner/cypress_runner.js:157432:12)\n    at http://localhost:46679/__cypress/runner/cypress_runner.js:158042:13\n    at tryCatcher (http://localhost:46679/__cypress/runner/cypress_runner.js:10325:23)\n    at Promise._settlePromiseFromHandler (http://localhost:46679/__cypress/runner/cypress_runner.js:8260:31)\n    at Promise._settlePromise (http://localhost:46679/__cypress/runner/cypress_runner.js:8317:18)\n    at Promise._settlePromise0 (http://localhost:46679/__cypress/runner/cypress_runner.js:8362:10)\n    at Promise._settlePromises (http://localhost:46679/__cypress/runner/cypress_runner.js:8438:18)\n    at _drainQueueStep (http://localhost:46679/__cypress/runner/cypress_runner.js:5032:12)\n    at _drainQueue (http://localhost:46679/__cypress/runner/cypress_runner.js:5025:9)\n    at Async.../../node_modules/bluebird/js/release/async.js.Async._drainQueues (http://localhost:46679/__cypress/runner/cypress_runner.js:5041:5)\n    at Async.drainQueues (http://localhost:46679/__cypress/runner/cypress_runner.js:4911:14)\nFrom Your Spec Code:\n    at Context.eval (http://localhost:46679/__cypress/tests?p=cypress/integration/developerMode.spec.js:108:8)",
                "diff": null
              },
              "uuid": "13844152-6226-4ca9-8c75-7b96f3d278cc",
              "parentUUID": "ea68702d-7d2c-43f4-9791-080ddbdab18f",
              "isHook": false,
              "skipped": false
            }
          ],
          "suites": [],
          "passes": [],
          "failures": [
            "78921259-4b24-4660-984d-b8ede096068d",
            "13844152-6226-4ca9-8c75-7b96f3d278cc"
          ],
          "pending": [],
          "skipped": [],
          "duration": 6294,
          "root": false,
          "rootEmpty": false,
          "_timeout": 2000
        }
      ],
      "passes": [],
      "failures": [],
      "pending": [],
      "skipped": [],
      "duration": 0,
      "root": true,
      "rootEmpty": true,
      "_timeout": 2000
    }
  ],
  "meta": {
    "mocha": {
      "version": "7.0.1"
    },
    "mochawesome": {
      "options": {
        "quiet": false,
        "reportFilename": "mochawesome",
        "saveHtml": false,
        "saveJson": true,
        "consoleReporter": "spec",
        "useInlineDiffs": false
      },
      "version": "4.1.0"
    },
    "marge": {
      "options": {
        "id": "default",
        "reportDir": "cypress/reports",
        "overwrite": false,
        "html": false,
        "json": true
      },
      "version": "4.1.0"
    }
  }
}